0 info it worked if it ends with ok
1 verbose cli [ 'C:\\Program Files\\nodejs\\node.exe',
1 verbose cli   'C:\\Program Files\\nodejs\\node_modules\\npm\\bin\\npm-cli.js',
1 verbose cli   'run',
1 verbose cli   'test:e2e' ]
2 info using npm@3.10.10
3 info using node@v6.10.2
4 verbose run-script [ 'pretest:e2e', 'test:e2e', 'posttest:e2e' ]
5 info lifecycle datasource-connector@1.0.0~pretest:e2e: datasource-connector@1.0.0
6 silly lifecycle datasource-connector@1.0.0~pretest:e2e: no script for pretest:e2e, continuing
7 info lifecycle datasource-connector@1.0.0~test:e2e: datasource-connector@1.0.0
8 verbose lifecycle datasource-connector@1.0.0~test:e2e: unsafe-perm in lifecycle true
9 verbose lifecycle datasource-connector@1.0.0~test:e2e: PATH: C:\Program Files\nodejs\node_modules\npm\bin\node-gyp-bin;C:\tmp\hot\datasource-connector\node_modules\.bin;C:\Program Files\Git\mingw64\bin;C:\Program Files\Git\usr\bin;C:\Users\rafal\bin;C:\Program Files\Microsoft MPI\Bin;C:\ProgramData\Oracle\Java\javapath;C:\Program Files (x86)\Intel\iCLS Client;C:\Program Files\Intel\iCLS Client;C:\Program Files (x86)\NVIDIA Corporation\PhysX\Common;C:\WINDOWS\system32;C:\WINDOWS;C:\WINDOWS\System32\Wbem;C:\WINDOWS\System32\WindowsPowerShell\v1.0;C:\Program Files\Intel\Intel(R) Management Engine Components\DAL;C:\Program Files\Intel\Intel(R) Management Engine Components\IPT;C:\Program Files (x86)\Intel\Intel(R) Management Engine Components\DAL;C:\Program Files (x86)\Intel\Intel(R) Management Engine Components\IPT;C:\Program Files\Intel\WiFi\bin;C:\Program Files\Common Files\Intel\WirelessCommon;C:\Program Files\Microsoft SQL Server\110\Tools\Binn;C:\Program Files\Microsoft\Web Platform Installer;C:\Program Files (x86)\GitExtensions;C:\xampp\php;C:\Program Files (x86)\Microsoft SDKs\Azure\CLI\wbin;C:\Program Files (x86)\GtkSharp\2.12\bin;C:\Program Files\Microsoft SQL Server\130\Tools\Binn;C:\Program Files (x86)\Common Files\Acronis\SnapAPI;C:\Program Files (x86)\GNU\GnuPG\pub;C:\Program Files\Microsoft SQL Server\Client SDK\ODBC\110\Tools\Binn;C:\Program Files (x86)\Microsoft SQL Server\130\Tools\Binn;C:\Program Files (x86)\Microsoft SQL Server\130\DTS\Binn;C:\Program Files\Microsoft SQL Server\130\DTS\Binn;C:\Program Files\Microsoft SQL Server\Client SDK\ODBC\130\Tools\Binn;C:\Program Files (x86)\Microsoft SQL Server\Client SDK\ODBC\130\Tools\Binn;C:\Program Files (x86)\Windows Kits\10\Windows Performance Toolkit;C:\Program Files\Microsoft SQL Server\120\Tools\Binn;C:\Program Files\Git\cmd;C:\Program Files\Git\mingw64\bin;C:\Program Files\Git\usr\bin;C:\Program Files\Amazon\AWSCLI;C:\Program Files\Microsoft Service Fabric\bin\Fabric\Fabric.Code;C:\Program Files\Microsoft SDKs\Service Fabric\Tools\ServiceFabricLocalClusterManager;C:\Program Files\nodejs;C:\Program Files\dotnet;C:\Program Files\Microsoft DNX\Dnvm;C:\Program Files (x86)\Microsoft SQL Server\140\Tools\Binn;C:\Program Files (x86)\Microsoft SQL Server\140\DTS\Binn;C:\Program Files (x86)\Microsoft SQL Server\140\Tools\Binn\ManagementStudio;C:\Program Files (x86)\Skype\Phone;C:\Program Files\Gource\cmd;C:\Ruby23\bin;C:\Users\rafal\.dnx\runtimes\dnx-clr-win-x86.1.0.0-rc1-update2\bin;C:\Users\rafal\.dnx\bin;C:\Program Files (x86)\CMake\bin;C:\Users\rafal\AppData\Local\Microsoft\WindowsApps;C:\Users\rafal\AppData\Local\Programs\Python\Python35-32;C:\Users\rafal\AppData\Roaming\npm;C:\Program Files\Microsoft VS Code\bin;C:\Program Files (x86)\Common Files\Acronis\TibMounter64
10 verbose lifecycle datasource-connector@1.0.0~test:e2e: CWD: C:\tmp\hot\datasource-connector
11 silly lifecycle datasource-connector@1.0.0~test:e2e: Args: [ '/d /s /c',
11 silly lifecycle   'npm run build:umd && npm run test:e2e.dump && npm run test:e2e.puppeteer' ]
12 silly lifecycle datasource-connector@1.0.0~test:e2e: Returned: code: 1  signal: null
13 info lifecycle datasource-connector@1.0.0~test:e2e: Failed to exec test:e2e script
14 verbose stack Error: datasource-connector@1.0.0 test:e2e: `npm run build:umd && npm run test:e2e.dump && npm run test:e2e.puppeteer`
14 verbose stack Exit status 1
14 verbose stack     at EventEmitter.<anonymous> (C:\Program Files\nodejs\node_modules\npm\lib\utils\lifecycle.js:255:16)
14 verbose stack     at emitTwo (events.js:106:13)
14 verbose stack     at EventEmitter.emit (events.js:191:7)
14 verbose stack     at ChildProcess.<anonymous> (C:\Program Files\nodejs\node_modules\npm\lib\utils\spawn.js:40:14)
14 verbose stack     at emitTwo (events.js:106:13)
14 verbose stack     at ChildProcess.emit (events.js:191:7)
14 verbose stack     at maybeClose (internal/child_process.js:886:16)
14 verbose stack     at Process.ChildProcess._handle.onexit (internal/child_process.js:226:5)
15 verbose pkgid datasource-connector@1.0.0
16 verbose cwd C:\tmp\hot\datasource-connector
17 error Windows_NT 10.0.16299
18 error argv "C:\\Program Files\\nodejs\\node.exe" "C:\\Program Files\\nodejs\\node_modules\\npm\\bin\\npm-cli.js" "run" "test:e2e"
19 error node v6.10.2
20 error npm  v3.10.10
21 error code ELIFECYCLE
22 error datasource-connector@1.0.0 test:e2e: `npm run build:umd && npm run test:e2e.dump && npm run test:e2e.puppeteer`
22 error Exit status 1
23 error Failed at the datasource-connector@1.0.0 test:e2e script 'npm run build:umd && npm run test:e2e.dump && npm run test:e2e.puppeteer'.
23 error Make sure you have the latest version of node.js and npm installed.
23 error If you do, this is most likely a problem with the datasource-connector package,
23 error not with npm itself.
23 error Tell the author that this fails on your system:
23 error     npm run build:umd && npm run test:e2e.dump && npm run test:e2e.puppeteer
23 error You can get information on how to open an issue for this project with:
23 error     npm bugs datasource-connector
23 error Or if that isn't available, you can get their info via:
23 error     npm owner ls datasource-connector
23 error There is likely additional logging output above.
24 verbose exit [ 1, true ]
